2020-03-22 15:56:25 - Starting RedisApplication on WIN-0O95Q71LTV2 with PID 10024 (C:\Users\user\Desktop\redis\target\classes started by user in C:\Users\user\Desktop\redis)
2020-03-22 15:56:25 - No active profile set, falling back to default profiles: default
2020-03-22 15:56:25 - Devtools property defaults active! Set 'spring.devtools.add-properties' to 'false' to disable
2020-03-22 15:56:25 - For additional web related logging consider setting the 'logging.level.web' property to 'DEBUG'
2020-03-22 15:56:27 - Multiple Spring Data modules found, entering strict repository configuration mode!
2020-03-22 15:56:27 - Bootstrapping Spring Data Map repositories in DEFAULT mode.
2020-03-22 15:56:27 - Finished Spring Data repository scanning in 20ms. Found 0 Map repository interfaces.
2020-03-22 15:56:28 - Tomcat initialized with port(s): 8082 (http)
2020-03-22 15:56:28 - Starting service [Tomcat]
2020-03-22 15:56:28 - Starting Servlet engine: [Apache Tomcat/9.0.31]
2020-03-22 15:56:28 - Initializing Spring embedded WebApplicationContext
2020-03-22 15:56:28 - Root WebApplicationContext: initialization completed in 2576 ms
2020-03-22 15:56:28 - Mapped URL path [/v2/api-docs] onto method [springfox.documentation.swagger2.web.Swagger2Controller#getDocumentation(String, HttpServletRequest)]
2020-03-22 15:56:29 - Initializing ExecutorService 'applicationTaskExecutor'
2020-03-22 15:56:29 - LiveReload server is running on port 35729
2020-03-22 15:56:30 - Initializing ExecutorService 'taskScheduler'
2020-03-22 15:56:30 - Context refreshed
2020-03-22 15:56:30 - Found 1 custom documentation plugin(s)
2020-03-22 15:56:30 - Scanning for api listing references
2020-03-22 15:56:30 - Tomcat started on port(s): 8082 (http) with context path ''
2020-03-22 15:56:30 - Started RedisApplication in 5.638 seconds (JVM running for 7.696)
2020-03-22 15:56:35 - Information in DB is updated
